<?xml version="1.0" encoding="UTF-8"?>
<testsuite xmlns:xsi="http://www.w3.org/2001/XMLSchema-instance" xsi:noNamespaceSchemaLocation="https://maven.apache.org/surefire/maven-surefire-plugin/xsd/surefire-test-report-3.0.xsd" version="3.0" name="tests.auto.osago.positive.OsagoPageCheckCalkPositiveTest" time="18.818" tests="3" errors="0" skipped="0" failures="0">
  <properties>
[...]
</properties>
  <testcase name="checkCalulation" classname="tests.auto.osago.positive.OsagoPageCheckCalkPositiveTest" time="6.736">
    <system-err><![CDATA[Starting ChromeDriver 86.0.4240.22 (398b0743353ff36fb1b82468f63a3a93b4e2e89e-refs/branch-heads/4240@{#378}) on port 27016
Only local connections are allowed.
Please see https://chromedriver.chromium.org/security-considerations for suggestions on keeping ChromeDriver safe.
ChromeDriver was started successfully.
[1608648126.960][WARNING]: This version of ChromeDriver has not been tested with Chrome version 87.
]]></system-err>
  </testcase>
  <testcase name="checkCalulationWithUnlimitedDrivers" classname="tests.auto.osago.positive.OsagoPageCheckCalkPositiveTest" time="5.295"/>
  <testcase name="checkCalulationAnyMoreDrivers" classname="tests.auto.osago.positive.OsagoPageCheckCalkPositiveTest" time="4.938"/>
</testsuite>